<?xml version="1.0" encoding="UTF-8"?>
<!-- Generated by org.testng.reporters.JUnitReportReporter -->
<testsuite hostname="Nikhil19" failures="0" tests="1" name="Syn_Framework.Syn_Framework.ProductTest" time="27.966" errors="0" timestamp="2023-06-24T14:23:22 IST" skipped="0">
  <testcase classname="Syn_Framework.Syn_Framework.ProductTest" name="login" time="27.966"/>
</testsuite> <!-- Syn_Framework.Syn_Framework.ProductTest -->
