<?xml version="1.0" encoding="UTF-8"?>
<!-- Generated by org.testng.reporters.JUnitReportReporter -->
<testsuite hostname="Nikhil19" failures="0" tests="1" name="Syn_Framework.Syn_Framework.ProTest" time="15.106" errors="0" timestamp="2023-06-26T11:27:50 IST" skipped="0">
  <testcase classname="Syn_Framework.Syn_Framework.ProTest" name="login" time="15.106"/>
</testsuite> <!-- Syn_Framework.Syn_Framework.ProTest -->
