<?xml version="1.0" encoding="UTF-8"?>
<!-- Generated by org.testng.reporters.JUnitReportReporter -->
<testsuite hostname="Nikhil19" failures="0" tests="1" name="Syn_Framework.Syn_Framework.ProductTest" time="12.678" errors="0" timestamp="2023-06-24T21:50:58 IST" skipped="0">
  <testcase classname="Syn_Framework.Syn_Framework.ProductTest" name="login" time="12.678"/>
</testsuite> <!-- Syn_Framework.Syn_Framework.ProductTest -->
